app/build/outputs/logs/manifest-merger-release-report.txt
-- Merging decision tree log ---
manifest
ADDED from src\main\AndroidManifest.xml:2:1-129:12
	package
		ADDED from src\main\AndroidManifest.xml:3:5-35
		INJECTED from src\main\AndroidManifest.xml
		INJECTED from src\main\AndroidManifest.xml
	android:versionName
		ADDED from src\main\AndroidManifest.xml:5:5-36
		INJECTED from src\main\AndroidManifest.xml
		INJECTED from src\main\AndroidManifest.xml
	android:versionCode
		ADDED from src\main\AndroidManifest.xml:4:5-35
		INJECTED from src\main\AndroidManifest.xml
		INJECTED from src\main\AndroidManifest.xml
	xmlns:android
		ADDED from src\main\AndroidManifest.xml:2:11-69
uses-sdk
ADDED from src\main\AndroidManifest.xml:6:5-8:41
MERGED from [com.android.support:design:23.3.0] AndroidManifest.xml:20:5-43
MERGED from [com.android.support:appcompat-v7:23.3.0] AndroidManifest.xml:21:5-23:78
MERGED from [com.android.support:animated-vector-drawable:23.3.0] AndroidManifest.xml:5:5-44
MERGED from [com.android.support:support-vector-drawable:23.3.0] AndroidManifest.xml:5:5-43
MERGED from [com.android.support:recyclerview-v7:23.3.0] AndroidManifest.xml:20:5-43
MERGED from [com.android.support:support-v4:23.3.0] AndroidManifest.xml:20:5-43
MERGED from [com.crashlytics.sdk.android:crashlytics:2.9.8] AndroidManifest.xml:7:5-43
MERGED from [com.crashlytics.sdk.android:beta:1.2.10] AndroidManifest.xml:7:5-43
MERGED from [com.crashlytics.sdk.android:crashlytics-core:2.6.7] AndroidManifest.xml:50:5-43
MERGED from [com.crashlytics.sdk.android:answers:1.4.6] AndroidManifest.xml:7:5-43
MERGED from [io.fabric.sdk.android:fabric:1.4.7] AndroidManifest.xml:27:5-43
	tools:overrideLibrary
		ADDED from [com.android.support:appcompat-v7:23.3.0] AndroidManifest.xml:23:9-75
	android:targetSdkVersion
		ADDED from src\main\AndroidManifest.xml:8:9-38
		INJECTED from src\main\AndroidManifest.xml
		INJECTED from src\main\AndroidManifest.xml
	android:minSdkVersion
		ADDED from src\main\AndroidManifest.xml:7:9-34
		INJECTED from src\main\AndroidManifest.xml
		INJECTED from src\main\AndroidManifest.xml
uses-permission#android.permission.WRITE_SETTINGS
ADDED from src\main\AndroidManifest.xml:9:5-73
	android:name
		ADDED from src\main\AndroidManifest.xml:9:22-70
uses-permission#android.permission.ACCESS_NETWORK_STATE
ADDED from src\main\AndroidManifest.xml:10:5-78
	android:name
		ADDED from src\main\AndroidManifest.xml:10:22-76
uses-permission#android.permission.INTERNET
ADDED from src\main\AndroidManifest.xml:11:5-66
MERGED from [com.crashlytics.sdk.android:crashlytics:2.9.8] AndroidManifest.xml:9:5-67
MERGED from [com.crashlytics.sdk.android:beta:1.2.10] AndroidManifest.xml:9:5-67
MERGED from [com.crashlytics.sdk.android:crashlytics-core:2.6.7] AndroidManifest.xml:52:5-67
MERGED from [com.crashlytics.sdk.android:answers:1.4.6] AndroidManifest.xml:9:5-67
MERGED from [io.fabric.sdk.android:fabric:1.4.7] AndroidManifest.xml:29:5-67
	android:name
		ADDED from src\main\AndroidManifest.xml:11:22-64
uses-permission#android.permission.ACCESS_FINE_LOCATION
ADDED from src\main\AndroidManifest.xml:12:5-78
	android:name
		ADDED from src\main\AndroidManifest.xml:12:22-76
uses-permission#android.permission.READ_EXTERNAL_STORAGE
ADDED from src\main\AndroidManifest.xml:13:5-79
	android:name
		ADDED from src\main\AndroidManifest.xml:13:22-77
uses-permission#android.permission.WRITE_EXTERNAL_STORAGE
ADDED from src\main\AndroidManifest.xml:14:5-80
	android:name
		ADDED from src\main\AndroidManifest.xml:14:22-78
uses-permission#android.permission.ACCESS_COARSE_LOCATION
ADDED from src\main\AndroidManifest.xml:15:5-80
	android:name
		ADDED from src\main\AndroidManifest.xml:15:22-78
uses-permission#android.permission.ACCESS_MOCK_LOCATION
ADDED from src\main\AndroidManifest.xml:16:5-78
	android:name
		ADDED from src\main\AndroidManifest.xml:16:22-76
uses-permission#android.permission.GET_ACCOUNTS
ADDED from src\main\AndroidManifest.xml:18:5-71
	android:name
		ADDED from src\main\AndroidManifest.xml:18:22-68
uses-permission#android.permission.WAKE_LOCK
ADDED from src\main\AndroidManifest.xml:20:5-68
	android:name
		ADDED from src\main\AndroidManifest.xml:20:22-65
permission#com.ojt.notification.permission.C2D_MESSAGE
ADDED from src\main\AndroidManifest.xml:27:5-29:47
	android:protectionLevel
		ADDED from src\main\AndroidManifest.xml:29:9-44
	android:name
		ADDED from src\main\AndroidManifest.xml:28:9-67
uses-permission#com.ojt.notification.permission.C2D_MESSAGE
ADDED from src\main\AndroidManifest.xml:31:5-83
	android:name
		ADDED from src\main\AndroidManifest.xml:31:22-80
uses-permission#com.google.android.c2dm.permission.RECEIVE
ADDED from src\main\AndroidManifest.xml:33:5-82
	android:name
		ADDED from src\main\AndroidManifest.xml:33:22-79
application
ADDED from src\main\AndroidManifest.xml:36:5-128:19
MERGED from [com.android.support:design:23.3.0] AndroidManifest.xml:22:5-20
MERGED from [com.android.support:appcompat-v7:23.3.0] AndroidManifest.xml:25:5-20
MERGED from [com.android.support:animated-vector-drawable:23.3.0] AndroidManifest.xml:7:5-20
MERGED from [com.android.support:support-vector-drawable:23.3.0] AndroidManifest.xml:7:5-20
MERGED from [com.android.support:support-v4:23.3.0] AndroidManifest.xml:22:5-20
MERGED from [com.crashlytics.sdk.android:crashlytics:2.9.8] AndroidManifest.xml:11:5-17:19
MERGED from [com.crashlytics.sdk.android:beta:1.2.10] AndroidManifest.xml:11:5-20
MERGED from [com.crashlytics.sdk.android:crashlytics-core:2.6.7] AndroidManifest.xml:54:5-20
MERGED from [com.crashlytics.sdk.android:answers:1.4.6] AndroidManifest.xml:11:5-20
MERGED from [io.fabric.sdk.android:fabric:1.4.7] AndroidManifest.xml:31:5-20
	android:label
		ADDED from src\main\AndroidManifest.xml:39:9-41
	android:allowBackup
		ADDED from src\main\AndroidManifest.xml:37:9-35
	android:icon
		ADDED from src\main\AndroidManifest.xml:38:9-42
	android:theme
		ADDED from src\main\AndroidManifest.xml:40:9-62
activity#com.ojt.login.Login
ADDED from src\main\AndroidManifest.xml:41:9-50:20
	android:label
		ADDED from src\main\AndroidManifest.xml:43:13-45
	android:windowSoftInputMode
		ADDED from src\main\AndroidManifest.xml:45:13-78
	android:configChanges
		ADDED from src\main\AndroidManifest.xml:44:13-72
	android:name
		ADDED from src\main\AndroidManifest.xml:42:13-47
intent-filter#android.intent.action.MAIN+android.intent.category.LAUNCHER
ADDED from src\main\AndroidManifest.xml:46:13-49:29
action#android.intent.action.MAIN
ADDED from src\main\AndroidManifest.xml:47:17-69
	android:name
		ADDED from src\main\AndroidManifest.xml:47:25-66
category#android.intent.category.LAUNCHER
ADDED from src\main\AndroidManifest.xml:48:17-77
	android:name
		ADDED from src\main\AndroidManifest.xml:48:27-74
activity#com.ojt.home.Home
ADDED from src\main\AndroidManifest.xml:51:9-54:20
	android:windowSoftInputMode
		ADDED from src\main\AndroidManifest.xml:53:13-65
	android:configChanges
		ADDED from src\main\AndroidManifest.xml:52:13-72
	android:name
		ADDED from src\main\AndroidManifest.xml:51:19-51
activity#com.ojt.baaudit.BAAuditForm
ADDED from src\main\AndroidManifest.xml:55:8-58:20
	android:windowSoftInputMode
		ADDED from src\main\AndroidManifest.xml:56:13-70
	android:configChanges
		ADDED from src\main\AndroidManifest.xml:57:13-72
	android:name
		ADDED from src\main\AndroidManifest.xml:55:18-60
activity#com.ojt.baaudit.BASearch
ADDED from src\main\AndroidManifest.xml:59:8-62:20
	android:windowSoftInputMode
		ADDED from src\main\AndroidManifest.xml:60:13-52
	android:configChanges
		ADDED from src\main\AndroidManifest.xml:61:13-72
	android:name
		ADDED from src\main\AndroidManifest.xml:59:18-57
activity#com.ojt.readyreckoner.BAList
ADDED from src\main\AndroidManifest.xml:63:9-127
	android:windowSoftInputMode
		ADDED from src\main\AndroidManifest.xml:63:63-115
	android:name
		ADDED from src\main\AndroidManifest.xml:63:19-62
activity#com.ojt.baaudit.BASearchData
ADDED from src\main\AndroidManifest.xml:64:9-74
	android:name
		ADDED from src\main\AndroidManifest.xml:64:19-62
activity#com.ojt.readyreckoner.ReadyReckonerData
ADDED from src\main\AndroidManifest.xml:65:9-85
	android:name
		ADDED from src\main\AndroidManifest.xml:65:19-73
activity#com.ojt.baaudit.BAAuditScore
ADDED from src\main\AndroidManifest.xml:66:8-68:84
	android:windowSoftInputMode
		ADDED from src\main\AndroidManifest.xml:67:13-65
	android:configChanges
		ADDED from src\main\AndroidManifest.xml:68:13-72
	android:name
		ADDED from src\main\AndroidManifest.xml:66:18-61
activity#com.ojt.readyreckoner.ReadyReckoner
ADDED from src\main\AndroidManifest.xml:69:8-72:20
	android:screenOrientation
		ADDED from src\main\AndroidManifest.xml:71:13-47
	android:windowSoftInputMode
		ADDED from src\main\AndroidManifest.xml:70:13-65
	android:name
		ADDED from src\main\AndroidManifest.xml:69:18-68
activity#com.ojt.baaudit.BASummary
ADDED from src\main\AndroidManifest.xml:73:9-76:20
	android:windowSoftInputMode
		ADDED from src\main\AndroidManifest.xml:74:13-70
	android:configChanges
		ADDED from src\main\AndroidManifest.xml:75:13-72
	android:name
		ADDED from src\main\AndroidManifest.xml:73:19-59
activity#com.ojt.baaudit.PendingAudits
ADDED from src\main\AndroidManifest.xml:77:9-80:20
	android:windowSoftInputMode
		ADDED from src\main\AndroidManifest.xml:78:13-70
	android:configChanges
		ADDED from src\main\AndroidManifest.xml:79:13-72
	android:name
		ADDED from src\main\AndroidManifest.xml:77:19-63
activity#com.ojt.baaudit.BAPrevSummary
ADDED from src\main\AndroidManifest.xml:81:9-83:20
	android:windowSoftInputMode
		ADDED from src\main\AndroidManifest.xml:82:13-52
	android:name
		ADDED from src\main\AndroidManifest.xml:81:19-63
activity#com.ojt.configscreen.ConfigScreen
ADDED from src\main\AndroidManifest.xml:84:9-79
	android:name
		ADDED from src\main\AndroidManifest.xml:84:19-67
activity#com.ojt.training.Training
ADDED from src\main\AndroidManifest.xml:85:10-125
	android:windowSoftInputMode
		ADDED from src\main\AndroidManifest.xml:85:61-113
	android:name
		ADDED from src\main\AndroidManifest.xml:85:20-60
activity#com.ojt.training.TrainingDes
ADDED from src\main\AndroidManifest.xml:86:10-76
	android:name
		ADDED from src\main\AndroidManifest.xml:86:20-63
receiver#com.ojt.service.PushReceiver
ADDED from src\main\AndroidManifest.xml:87:10-99
	android:enabled
		ADDED from src\main\AndroidManifest.xml:87:65-87
	android:name
		ADDED from src\main\AndroidManifest.xml:87:20-63
receiver#com.ojt.service.Receiver
ADDED from src\main\AndroidManifest.xml:88:9-93:20
	android:enabled
		ADDED from src\main\AndroidManifest.xml:88:60-82
	android:name
		ADDED from src\main\AndroidManifest.xml:88:19-58
intent-filter#android.net.conn.CONNECTIVITY_CHANGE+android.net.wifi.STATE_CHANGE
ADDED from src\main\AndroidManifest.xml:89:12-92:29
action#android.net.conn.CONNECTIVITY_CHANGE
ADDED from src\main\AndroidManifest.xml:90:14-75
	android:name
		ADDED from src\main\AndroidManifest.xml:90:22-73
action#android.net.wifi.STATE_CHANGE
ADDED from src\main\AndroidManifest.xml:91:14-68
	android:name
		ADDED from src\main\AndroidManifest.xml:91:22-66
receiver#com.google.android.gcm.GCMBroadcastReceiver
ADDED from src\main\AndroidManifest.xml:101:9-113:20
	android:permission
		ADDED from src\main\AndroidManifest.xml:103:13-73
	android:name
		ADDED from src\main\AndroidManifest.xml:102:13-71
intent-filter#com.google.android.c2dm.intent.RECEIVE+com.google.android.c2dm.intent.REGISTRATION+com.ojt.notification
ADDED from src\main\AndroidManifest.xml:104:13-112:29
action#com.google.android.c2dm.intent.RECEIVE
ADDED from src\main\AndroidManifest.xml:107:17-81
	android:name
		ADDED from src\main\AndroidManifest.xml:107:25-78
action#com.google.android.c2dm.intent.REGISTRATION
ADDED from src\main\AndroidManifest.xml:109:17-86
	android:name
		ADDED from src\main\AndroidManifest.xml:109:25-83
category#com.ojt.notification
ADDED from src\main\AndroidManifest.xml:111:17-65
	android:name
		ADDED from src\main\AndroidManifest.xml:111:27-62
service#com.ojt.notification.GCMIntentService
ADDED from src\main\AndroidManifest.xml:122:9-73
	android:name
		ADDED from src\main\AndroidManifest.xml:122:18-70
meta-data#io.fabric.ApiKey
ADDED from src\main\AndroidManifest.xml:124:9-126:72
	android:value
		ADDED from src\main\AndroidManifest.xml:126:13-69
	android:name
		ADDED from src\main\AndroidManifest.xml:125:13-44
provider#com.crashlytics.android.CrashlyticsInitProvider
ADDED from [com.crashlytics.sdk.android:crashlytics:2.9.8] AndroidManifest.xml:12:9-16:38
	android:authorities
		ADDED from [com.crashlytics.sdk.android:crashlytics:2.9.8] AndroidManifest.xml:14:13-75
	android:exported
		ADDED from [com.crashlytics.sdk.android:crashlytics:2.9.8] AndroidManifest.xml:15:13-37
	android:initOrder
		ADDED from [com.crashlytics.sdk.android:crashlytics:2.9.8] AndroidManifest.xml:16:13-35
	android:name
		ADDED from [com.crashlytics.sdk.android:crashlytics:2.9.8] AndroidManifest.xml:13:13-75